<?xml version="1.0" encoding="UTF-8"?>
<testng-results ignored="0" total="0" passed="0" failed="0" skipped="0">
  <reporter-output>
  </reporter-output>
  <suite started-at="2020-10-30T17:56:47Z" name="WebOrders Automation Regression Tests" finished-at="2020-10-30T17:56:47Z" duration-ms="3">
    <groups>
    </groups>
    <test started-at="2020-10-30T17:56:47Z" name="Login tests" finished-at="2020-10-30T17:56:47Z" duration-ms="3">
    </test> <!-- Login tests -->
  </suite> <!-- WebOrders Automation Regression Tests -->
</testng-results>
